<?xml version="1.0" encoding="UTF-8"?>
<coverage generated="1544467297678" clover="3.2.0">
  <project timestamp="1544467297678" name="All files">
    <metrics statements="174" coveredstatements="115" conditionals="110" coveredconditionals="49" methods="32" coveredmethods="23" elements="316" coveredelements="187" complexity="0" loc="174" ncloc="174" packages="4" files="4" classes="4">
      <package name="src">
        <metrics statements="59" coveredstatements="37" conditionals="38" coveredconditionals="13" methods="15" coveredmethods="11"/>
        <file name="use-pkg-version-cli.js" path="C:\dev\myrepos\use-pkg-version\src\use-pkg-version-cli.js">
          <metrics statements="59" coveredstatements="37" conditionals="38" coveredconditionals="13" methods="15" coveredmethods="11"/>
          <line num="1" count="1" type="stmt"/>
          <line num="2" count="1" type="stmt"/>
          <line num="3" count="1" type="stmt"/>
          <line num="4" count="1" type="stmt"/>
          <line num="5" count="1" type="stmt"/>
          <line num="7" count="1" type="stmt"/>
          <line num="9" count="1" type="stmt"/>
          <line num="16" count="1" type="stmt"/>
          <line num="20" count="20" type="cond" truecount="0" falsecount="2"/>
          <line num="26" count="4" type="stmt"/>
          <line num="29" count="4" type="stmt"/>
          <line num="30" count="20" type="stmt"/>
          <line num="32" count="20" type="cond" truecount="3" falsecount="1"/>
          <line num="33" count="0" type="stmt"/>
          <line num="36" count="4" type="stmt"/>
          <line num="42" count="1" type="cond" truecount="3" falsecount="1"/>
          <line num="43" count="1" type="stmt"/>
          <line num="44" count="0" type="stmt"/>
          <line num="45" count="0" type="cond" truecount="0" falsecount="4"/>
          <line num="46" count="0" type="stmt"/>
          <line num="47" count="0" type="stmt"/>
          <line num="49" count="0" type="stmt"/>
          <line num="54" count="0" type="cond" truecount="0" falsecount="2"/>
          <line num="55" count="0" type="cond" truecount="0" falsecount="2"/>
          <line num="56" count="0" type="cond" truecount="0" falsecount="4"/>
          <line num="57" count="0" type="cond" truecount="0" falsecount="2"/>
          <line num="58" count="0" type="stmt"/>
          <line num="63" count="0" type="stmt"/>
          <line num="65" count="0" type="cond" truecount="0" falsecount="4"/>
          <line num="66" count="0" type="cond" truecount="0" falsecount="2"/>
          <line num="67" count="0" type="stmt"/>
          <line num="68" count="0" type="stmt"/>
          <line num="71" count="0" type="stmt"/>
          <line num="75" count="6" type="cond" truecount="2" falsecount="0"/>
          <line num="79" count="3" type="stmt"/>
          <line num="83" count="3" type="stmt"/>
          <line num="102" count="3" type="cond" truecount="1" falsecount="1"/>
          <line num="103" count="3" type="stmt"/>
          <line num="104" count="3" type="stmt"/>
          <line num="105" count="3" type="stmt"/>
          <line num="106" count="3" type="stmt"/>
          <line num="108" count="3" type="cond" truecount="2" falsecount="0"/>
          <line num="109" count="1" type="stmt"/>
          <line num="113" count="3" type="stmt"/>
          <line num="117" count="0" type="stmt"/>
          <line num="118" count="0" type="stmt"/>
          <line num="137" count="3" type="stmt"/>
          <line num="138" count="0" type="stmt"/>
          <line num="139" count="0" type="stmt"/>
          <line num="140" count="0" type="stmt"/>
          <line num="144" count="3" type="stmt"/>
          <line num="145" count="1" type="stmt"/>
          <line num="146" count="1" type="stmt"/>
          <line num="151" count="1" type="stmt"/>
          <line num="155" count="12" type="stmt"/>
          <line num="157" count="3" type="stmt"/>
          <line num="159" count="2" type="cond" truecount="2" falsecount="0"/>
          <line num="160" count="1" type="stmt"/>
          <line num="164" count="1" type="stmt"/>
        </file>
      </package>
      <package name="src.commands">
        <metrics statements="41" coveredstatements="32" conditionals="32" coveredconditionals="19" methods="2" coveredmethods="2"/>
        <file name="update.cmd.js" path="C:\dev\myrepos\use-pkg-version\src\commands\update.cmd.js">
          <metrics statements="41" coveredstatements="32" conditionals="32" coveredconditionals="19" methods="2" coveredmethods="2"/>
          <line num="1" count="2" type="stmt"/>
          <line num="2" count="2" type="stmt"/>
          <line num="3" count="2" type="stmt"/>
          <line num="5" count="2" type="stmt"/>
          <line num="11" count="2" type="stmt"/>
          <line num="13" count="2" type="stmt"/>
          <line num="16" count="7" type="cond" truecount="2" falsecount="0"/>
          <line num="17" count="1" type="stmt"/>
          <line num="19" count="6" type="cond" truecount="1" falsecount="1"/>
          <line num="20" count="0" type="stmt"/>
          <line num="22" count="6" type="cond" truecount="2" falsecount="0"/>
          <line num="23" count="1" type="stmt"/>
          <line num="25" count="5" type="cond" truecount="1" falsecount="1"/>
          <line num="26" count="0" type="stmt"/>
          <line num="28" count="5" type="cond" truecount="1" falsecount="1"/>
          <line num="29" count="0" type="stmt"/>
          <line num="31" count="5" type="cond" truecount="1" falsecount="1"/>
          <line num="32" count="0" type="stmt"/>
          <line num="37" count="7" type="stmt"/>
          <line num="39" count="5" type="stmt"/>
          <line num="40" count="5" type="stmt"/>
          <line num="42" count="5" type="stmt"/>
          <line num="43" count="5" type="stmt"/>
          <line num="45" count="0" type="stmt"/>
          <line num="47" count="5" type="cond" truecount="2" falsecount="0"/>
          <line num="48" count="2" type="stmt"/>
          <line num="51" count="3" type="cond" truecount="3" falsecount="1"/>
          <line num="52" count="3" type="cond" truecount="3" falsecount="1"/>
          <line num="54" count="3" type="cond" truecount="1" falsecount="1"/>
          <line num="56" count="3" type="stmt"/>
          <line num="58" count="3" type="stmt"/>
          <line num="60" count="3" type="stmt"/>
          <line num="67" count="3" type="cond" truecount="1" falsecount="1"/>
          <line num="69" count="3" type="stmt"/>
          <line num="70" count="3" type="stmt"/>
          <line num="71" count="3" type="cond" truecount="1" falsecount="1"/>
          <line num="72" count="0" type="cond" truecount="0" falsecount="4"/>
          <line num="73" count="0" type="stmt"/>
          <line num="75" count="0" type="stmt"/>
          <line num="79" count="0" type="stmt"/>
          <line num="83" count="2" type="stmt"/>
        </file>
      </package>
      <package name="src.common">
        <metrics statements="52" coveredstatements="26" conditionals="30" coveredconditionals="12" methods="12" coveredmethods="7"/>
        <file name="fs-helpers.js" path="C:\dev\myrepos\use-pkg-version\src\common\fs-helpers.js">
          <metrics statements="52" coveredstatements="26" conditionals="30" coveredconditionals="12" methods="12" coveredmethods="7"/>
          <line num="1" count="2" type="stmt"/>
          <line num="2" count="2" type="stmt"/>
          <line num="5" count="0" type="cond" truecount="0" falsecount="2"/>
          <line num="6" count="0" type="stmt"/>
          <line num="8" count="0" type="stmt"/>
          <line num="9" count="0" type="cond" truecount="0" falsecount="2"/>
          <line num="10" count="0" type="stmt"/>
          <line num="12" count="0" type="stmt"/>
          <line num="16" count="14" type="cond" truecount="1" falsecount="1"/>
          <line num="17" count="0" type="stmt"/>
          <line num="19" count="14" type="cond" truecount="1" falsecount="1"/>
          <line num="20" count="14" type="stmt"/>
          <line num="21" count="14" type="stmt"/>
          <line num="22" count="14" type="stmt"/>
          <line num="23" count="14" type="stmt"/>
          <line num="24" count="14" type="stmt"/>
          <line num="26" count="0" type="stmt"/>
          <line num="27" count="0" type="stmt"/>
          <line num="32" count="14" type="cond" truecount="1" falsecount="1"/>
          <line num="33" count="0" type="stmt"/>
          <line num="35" count="14" type="stmt"/>
          <line num="36" count="14" type="stmt"/>
          <line num="37" count="14" type="stmt"/>
          <line num="39" count="0" type="stmt"/>
          <line num="41" count="14" type="cond" truecount="1" falsecount="1"/>
          <line num="46" count="8" type="cond" truecount="1" falsecount="1"/>
          <line num="47" count="0" type="stmt"/>
          <line num="49" count="8" type="stmt"/>
          <line num="54" count="0" type="cond" truecount="0" falsecount="2"/>
          <line num="55" count="0" type="stmt"/>
          <line num="56" count="0" type="stmt"/>
          <line num="58" count="0" type="stmt"/>
          <line num="62" count="0" type="cond" truecount="0" falsecount="2"/>
          <line num="63" count="0" type="stmt"/>
          <line num="64" count="0" type="stmt"/>
          <line num="66" count="0" type="stmt"/>
          <line num="70" count="8" type="cond" truecount="1" falsecount="1"/>
          <line num="74" count="39" type="cond" truecount="2" falsecount="0"/>
          <line num="79" count="0" type="stmt"/>
          <line num="80" count="0" type="stmt"/>
          <line num="81" count="0" type="stmt"/>
          <line num="82" count="0" type="stmt"/>
          <line num="83" count="0" type="cond" truecount="0" falsecount="2"/>
          <line num="85" count="0" type="stmt"/>
          <line num="93" count="9" type="cond" truecount="2" falsecount="0"/>
          <line num="94" count="8" type="stmt"/>
          <line num="95" count="21" type="stmt"/>
          <line num="96" count="21" type="cond" truecount="2" falsecount="0"/>
          <line num="97" count="7" type="stmt"/>
          <line num="99" count="14" type="stmt"/>
          <line num="102" count="8" type="stmt"/>
          <line num="106" count="2" type="stmt"/>
        </file>
      </package>
      <package name="tests.unit.helpers">
        <metrics statements="22" coveredstatements="20" conditionals="10" coveredconditionals="5" methods="3" coveredmethods="3"/>
        <file name="stdout-stderr.js" path="C:\dev\myrepos\use-pkg-version\tests\unit\helpers\stdout-stderr.js">
          <metrics statements="22" coveredstatements="20" conditionals="10" coveredconditionals="5" methods="3" coveredmethods="3"/>
          <line num="1" count="1" type="stmt"/>
          <line num="2" count="1" type="stmt"/>
          <line num="4" count="1" type="stmt"/>
          <line num="5" count="1" type="cond" truecount="1" falsecount="1"/>
          <line num="6" count="1" type="stmt"/>
          <line num="13" count="3" type="cond" truecount="1" falsecount="1"/>
          <line num="14" count="0" type="stmt"/>
          <line num="54" count="2" type="cond" truecount="1" falsecount="1"/>
          <line num="55" count="0" type="stmt"/>
          <line num="57" count="2" type="stmt"/>
          <line num="58" count="2" type="stmt"/>
          <line num="62" count="3" type="stmt"/>
          <line num="63" count="3" type="stmt"/>
          <line num="64" count="3" type="stmt"/>
          <line num="65" count="3" type="stmt"/>
          <line num="66" count="3" type="cond" truecount="1" falsecount="1"/>
          <line num="67" count="3" type="stmt"/>
          <line num="71" count="2" type="stmt"/>
          <line num="72" count="2" type="stmt"/>
          <line num="75" count="2" type="cond" truecount="1" falsecount="1"/>
          <line num="76" count="2" type="stmt"/>
          <line num="81" count="1" type="stmt"/>
        </file>
      </package>
    </metrics>
  </project>
</coverage>
