{"C:\\dev\\myrepos\\use-pkg-version\\src\\use-pkg-version-cli.js": {"path":"C:\\dev\\myrepos\\use-pkg-version\\src\\use-pkg-version-cli.js","statementMap":{"0":{"start":{"line":1,"column":14},"end":{"line":1,"column":30}},"1":{"start":{"line":2,"column":13},"end":{"line":2,"column":28}},"2":{"start":{"line":3,"column":16},"end":{"line":3,"column":36}},"3":{"start":{"line":4,"column":14},"end":{"line":4,"column":30}},"4":{"start":{"line":5,"column":40},"end":{"line":5,"column":70}},"5":{"start":{"line":7,"column":14},"end":{"line":7,"column":18}},"6":{"start":{"line":9,"column":17},"end":{"line":13,"column":1}},"7":{"start":{"line":16,"column":2},"end":{"line":16,"column":38}},"8":{"start":{"line":20,"column":2},"end":{"line":20,"column":68}},"9":{"start":{"line":20,"column":42},"end":{"line":20,"column":66}},"10":{"start":{"line":26,"column":15},"end":{"line":28,"column":3}},"11":{"start":{"line":29,"column":2},"end":{"line":35,"column":4}},"12":{"start":{"line":30,"column":16},"end":{"line":30,"column":54}},"13":{"start":{"line":32,"column":4},"end":{"line":34,"column":5}},"14":{"start":{"line":33,"column":6},"end":{"line":33,"column":26}},"15":{"start":{"line":36,"column":2},"end":{"line":36,"column":13}},"16":{"start":{"line":42,"column":15},"end":{"line":42,"column":68}},"17":{"start":{"line":43,"column":24},"end":{"line":43,"column":61}},"18":{"start":{"line":44,"column":2},"end":{"line":44,"column":36}},"19":{"start":{"line":45,"column":2},"end":{"line":48,"column":3}},"20":{"start":{"line":46,"column":21},"end":{"line":46,"column":68}},"21":{"start":{"line":47,"column":4},"end":{"line":47,"column":28}},"22":{"start":{"line":49,"column":2},"end":{"line":49,"column":13}},"23":{"start":{"line":54,"column":2},"end":{"line":70,"column":3}},"24":{"start":{"line":55,"column":20},"end":{"line":55,"column":41}},"25":{"start":{"line":56,"column":4},"end":{"line":64,"column":5}},"26":{"start":{"line":57,"column":6},"end":{"line":57,"column":72}},"27":{"start":{"line":58,"column":6},"end":{"line":62,"column":7}},"28":{"start":{"line":63,"column":6},"end":{"line":63,"column":22}},"29":{"start":{"line":65,"column":4},"end":{"line":69,"column":5}},"30":{"start":{"line":66,"column":6},"end":{"line":66,"column":72}},"31":{"start":{"line":67,"column":6},"end":{"line":67,"column":69}},"32":{"start":{"line":68,"column":6},"end":{"line":68,"column":22}},"33":{"start":{"line":71,"column":2},"end":{"line":71,"column":13}},"34":{"start":{"line":75,"column":2},"end":{"line":75,"column":71}},"35":{"start":{"line":79,"column":2},"end":{"line":81,"column":33}},"36":{"start":{"line":83,"column":2},"end":{"line":111,"column":6}},"37":{"start":{"line":102,"column":6},"end":{"line":107,"column":7}},"38":{"start":{"line":103,"column":8},"end":{"line":103,"column":52}},"39":{"start":{"line":104,"column":8},"end":{"line":104,"column":69}},"40":{"start":{"line":105,"column":8},"end":{"line":105,"column":60}},"41":{"start":{"line":106,"column":8},"end":{"line":106,"column":56}},"42":{"start":{"line":108,"column":6},"end":{"line":110,"column":7}},"43":{"start":{"line":109,"column":8},"end":{"line":109,"column":84}},"44":{"start":{"line":113,"column":2},"end":{"line":134,"column":6}},"45":{"start":{"line":117,"column":6},"end":{"line":117,"column":52}},"46":{"start":{"line":118,"column":6},"end":{"line":133,"column":26}},"47":{"start":{"line":137,"column":2},"end":{"line":141,"column":4}},"48":{"start":{"line":138,"column":4},"end":{"line":138,"column":24}},"49":{"start":{"line":139,"column":4},"end":{"line":139,"column":71}},"50":{"start":{"line":140,"column":4},"end":{"line":140,"column":17}},"51":{"start":{"line":144,"column":2},"end":{"line":152,"column":4}},"52":{"start":{"line":145,"column":4},"end":{"line":145,"column":17}},"53":{"start":{"line":146,"column":4},"end":{"line":150,"column":5}},"54":{"start":{"line":151,"column":4},"end":{"line":151,"column":17}},"55":{"start":{"line":155,"column":2},"end":{"line":155,"column":72}},"56":{"start":{"line":155,"column":34},"end":{"line":155,"column":71}},"57":{"start":{"line":155,"column":57},"end":{"line":155,"column":70}},"58":{"start":{"line":157,"column":2},"end":{"line":157,"column":29}},"59":{"start":{"line":159,"column":2},"end":{"line":161,"column":3}},"60":{"start":{"line":160,"column":4},"end":{"line":160,"column":24}},"61":{"start":{"line":164,"column":0},"end":{"line":164,"column":20}}},"fnMap":{"0":{"name":"createCmdModule","decl":{"start":{"line":15,"column":9},"end":{"line":15,"column":24}},"loc":{"start":{"line":15,"column":30},"end":{"line":17,"column":1}},"line":15},"1":{"name":"camelcase","decl":{"start":{"line":19,"column":9},"end":{"line":19,"column":18}},"loc":{"start":{"line":19,"column":24},"end":{"line":21,"column":1}},"line":19},"2":{"name":"(anonymous_2)","decl":{"start":{"line":20,"column":31},"end":{"line":20,"column":32}},"loc":{"start":{"line":20,"column":42},"end":{"line":20,"column":66}},"line":20},"3":{"name":"cleanArgs","decl":{"start":{"line":25,"column":9},"end":{"line":25,"column":18}},"loc":{"start":{"line":25,"column":24},"end":{"line":37,"column":1}},"line":25},"4":{"name":"(anonymous_4)","decl":{"start":{"line":29,"column":22},"end":{"line":29,"column":23}},"loc":{"start":{"line":29,"column":29},"end":{"line":35,"column":3}},"line":29},"5":{"name":"enrichArgs","decl":{"start":{"line":41,"column":9},"end":{"line":41,"column":19}},"loc":{"start":{"line":41,"column":26},"end":{"line":50,"column":1}},"line":41},"6":{"name":"checkArgs","decl":{"start":{"line":53,"column":9},"end":{"line":53,"column":18}},"loc":{"start":{"line":53,"column":25},"end":{"line":72,"column":1}},"line":53},"7":{"name":"isHelpFlagSet","decl":{"start":{"line":74,"column":9},"end":{"line":74,"column":22}},"loc":{"start":{"line":74,"column":25},"end":{"line":76,"column":1}},"line":74},"8":{"name":"cli","decl":{"start":{"line":78,"column":9},"end":{"line":78,"column":12}},"loc":{"start":{"line":78,"column":15},"end":{"line":162,"column":1}},"line":78},"9":{"name":"(anonymous_9)","decl":{"start":{"line":100,"column":12},"end":{"line":100,"column":13}},"loc":{"start":{"line":100,"column":36},"end":{"line":111,"column":5}},"line":100},"10":{"name":"(anonymous_10)","decl":{"start":{"line":116,"column":12},"end":{"line":116,"column":13}},"loc":{"start":{"line":116,"column":19},"end":{"line":134,"column":5}},"line":116},"11":{"name":"(anonymous_11)","decl":{"start":{"line":137,"column":40},"end":{"line":137,"column":41}},"loc":{"start":{"line":137,"column":47},"end":{"line":141,"column":3}},"line":137},"12":{"name":"(anonymous_12)","decl":{"start":{"line":144,"column":23},"end":{"line":144,"column":24}},"loc":{"start":{"line":144,"column":34},"end":{"line":152,"column":3}},"line":144},"13":{"name":"(anonymous_13)","decl":{"start":{"line":155,"column":27},"end":{"line":155,"column":28}},"loc":{"start":{"line":155,"column":34},"end":{"line":155,"column":71}},"line":155},"14":{"name":"(anonymous_14)","decl":{"start":{"line":155,"column":51},"end":{"line":155,"column":52}},"loc":{"start":{"line":155,"column":57},"end":{"line":155,"column":70}},"line":155}},"branchMap":{"0":{"loc":{"start":{"line":20,"column":42},"end":{"line":20,"column":66}},"type":"cond-expr","locations":[{"start":{"line":20,"column":46},"end":{"line":20,"column":61}},{"start":{"line":20,"column":64},"end":{"line":20,"column":66}}],"line":20},"1":{"loc":{"start":{"line":32,"column":4},"end":{"line":34,"column":5}},"type":"if","locations":[{"start":{"line":32,"column":4},"end":{"line":34,"column":5}},{"start":{"line":32,"column":4},"end":{"line":34,"column":5}}],"line":32},"2":{"loc":{"start":{"line":32,"column":8},"end":{"line":32,"column":73}},"type":"binary-expr","locations":[{"start":{"line":32,"column":8},"end":{"line":32,"column":38}},{"start":{"line":32,"column":42},"end":{"line":32,"column":73}}],"line":32},"3":{"loc":{"start":{"line":42,"column":15},"end":{"line":42,"column":68}},"type":"cond-expr","locations":[{"start":{"line":42,"column":35},"end":{"line":42,"column":44}},{"start":{"line":42,"column":47},"end":{"line":42,"column":68}}],"line":42},"4":{"loc":{"start":{"line":42,"column":15},"end":{"line":42,"column":32}},"type":"binary-expr","locations":[{"start":{"line":42,"column":15},"end":{"line":42,"column":19}},{"start":{"line":42,"column":23},"end":{"line":42,"column":32}}],"line":42},"5":{"loc":{"start":{"line":45,"column":2},"end":{"line":48,"column":3}},"type":"if","locations":[{"start":{"line":45,"column":2},"end":{"line":48,"column":3}},{"start":{"line":45,"column":2},"end":{"line":48,"column":3}}],"line":45},"6":{"loc":{"start":{"line":45,"column":6},"end":{"line":45,"column":23}},"type":"binary-expr","locations":[{"start":{"line":45,"column":6},"end":{"line":45,"column":10}},{"start":{"line":45,"column":14},"end":{"line":45,"column":23}}],"line":45},"7":{"loc":{"start":{"line":54,"column":2},"end":{"line":70,"column":3}},"type":"if","locations":[{"start":{"line":54,"column":2},"end":{"line":70,"column":3}},{"start":{"line":54,"column":2},"end":{"line":70,"column":3}}],"line":54},"8":{"loc":{"start":{"line":55,"column":20},"end":{"line":55,"column":41}},"type":"binary-expr","locations":[{"start":{"line":55,"column":20},"end":{"line":55,"column":32}},{"start":{"line":55,"column":36},"end":{"line":55,"column":41}}],"line":55},"9":{"loc":{"start":{"line":56,"column":4},"end":{"line":64,"column":5}},"type":"if","locations":[{"start":{"line":56,"column":4},"end":{"line":64,"column":5}},{"start":{"line":56,"column":4},"end":{"line":64,"column":5}}],"line":56},"10":{"loc":{"start":{"line":56,"column":8},"end":{"line":56,"column":66}},"type":"binary-expr","locations":[{"start":{"line":56,"column":8},"end":{"line":56,"column":26}},{"start":{"line":56,"column":30},"end":{"line":56,"column":66}}],"line":56},"11":{"loc":{"start":{"line":57,"column":6},"end":{"line":57,"column":72}},"type":"binary-expr","locations":[{"start":{"line":57,"column":6},"end":{"line":57,"column":13}},{"start":{"line":57,"column":17},"end":{"line":57,"column":72}}],"line":57},"12":{"loc":{"start":{"line":65,"column":4},"end":{"line":69,"column":5}},"type":"if","locations":[{"start":{"line":65,"column":4},"end":{"line":69,"column":5}},{"start":{"line":65,"column":4},"end":{"line":69,"column":5}}],"line":65},"13":{"loc":{"start":{"line":65,"column":8},"end":{"line":65,"column":51}},"type":"binary-expr","locations":[{"start":{"line":65,"column":8},"end":{"line":65,"column":21}},{"start":{"line":65,"column":25},"end":{"line":65,"column":51}}],"line":65},"14":{"loc":{"start":{"line":66,"column":6},"end":{"line":66,"column":72}},"type":"binary-expr","locations":[{"start":{"line":66,"column":6},"end":{"line":66,"column":13}},{"start":{"line":66,"column":17},"end":{"line":66,"column":72}}],"line":66},"15":{"loc":{"start":{"line":75,"column":9},"end":{"line":75,"column":71}},"type":"binary-expr","locations":[{"start":{"line":75,"column":9},"end":{"line":75,"column":40}},{"start":{"line":75,"column":44},"end":{"line":75,"column":71}}],"line":75},"16":{"loc":{"start":{"line":102,"column":6},"end":{"line":107,"column":7}},"type":"if","locations":[{"start":{"line":102,"column":6},"end":{"line":107,"column":7}},{"start":{"line":102,"column":6},"end":{"line":107,"column":7}}],"line":102},"17":{"loc":{"start":{"line":108,"column":6},"end":{"line":110,"column":7}},"type":"if","locations":[{"start":{"line":108,"column":6},"end":{"line":110,"column":7}},{"start":{"line":108,"column":6},"end":{"line":110,"column":7}}],"line":108},"18":{"loc":{"start":{"line":159,"column":2},"end":{"line":161,"column":3}},"type":"if","locations":[{"start":{"line":159,"column":2},"end":{"line":161,"column":3}},{"start":{"line":159,"column":2},"end":{"line":161,"column":3}}],"line":159}},"s":{"0":1,"1":1,"2":1,"3":1,"4":1,"5":1,"6":1,"7":1,"8":20,"9":0,"10":4,"11":4,"12":20,"13":20,"14":0,"15":4,"16":1,"17":1,"18":0,"19":0,"20":0,"21":0,"22":0,"23":0,"24":0,"25":0,"26":0,"27":0,"28":0,"29":0,"30":0,"31":0,"32":0,"33":0,"34":6,"35":3,"36":3,"37":3,"38":3,"39":3,"40":3,"41":3,"42":3,"43":1,"44":3,"45":0,"46":0,"47":3,"48":0,"49":0,"50":0,"51":3,"52":1,"53":1,"54":1,"55":3,"56":12,"57":3,"58":3,"59":2,"60":1,"61":1},"f":{"0":1,"1":20,"2":0,"3":4,"4":20,"5":1,"6":0,"7":6,"8":3,"9":3,"10":0,"11":0,"12":1,"13":12,"14":3},"b":{"0":[0,0],"1":[0,20],"2":[20,20],"3":[0,1],"4":[1,1],"5":[0,0],"6":[0,0],"7":[0,0],"8":[0,0],"9":[0,0],"10":[0,0],"11":[0,0],"12":[0,0],"13":[0,0],"14":[0,0],"15":[6,2],"16":[3,0],"17":[1,2],"18":[1,1]},"_coverageSchema":"332fd63041d2c1bcb487cc26dd0d5f7d97098a6c","hash":"7a2297e24255f677ee388d88bdc6c33d72d88c1e"}
,"C:\\dev\\myrepos\\use-pkg-version\\src\\commands\\update.cmd.js": {"path":"C:\\dev\\myrepos\\use-pkg-version\\src\\commands\\update.cmd.js","statementMap":{"0":{"start":{"line":1,"column":16},"end":{"line":1,"column":42}},"1":{"start":{"line":2,"column":23},"end":{"line":2,"column":53}},"2":{"start":{"line":3,"column":14},"end":{"line":3,"column":30}},"3":{"start":{"line":5,"column":17},"end":{"line":8,"column":1}},"4":{"start":{"line":11,"column":14},"end":{"line":11,"column":19}},"5":{"start":{"line":13,"column":12},"end":{"line":13,"column":17}},"6":{"start":{"line":16,"column":2},"end":{"line":18,"column":3}},"7":{"start":{"line":17,"column":4},"end":{"line":17,"column":72}},"8":{"start":{"line":19,"column":2},"end":{"line":21,"column":3}},"9":{"start":{"line":20,"column":4},"end":{"line":20,"column":60}},"10":{"start":{"line":22,"column":2},"end":{"line":24,"column":3}},"11":{"start":{"line":23,"column":4},"end":{"line":23,"column":76}},"12":{"start":{"line":25,"column":2},"end":{"line":27,"column":3}},"13":{"start":{"line":26,"column":4},"end":{"line":26,"column":61}},"14":{"start":{"line":28,"column":2},"end":{"line":30,"column":3}},"15":{"start":{"line":29,"column":4},"end":{"line":29,"column":87}},"16":{"start":{"line":31,"column":2},"end":{"line":33,"column":3}},"17":{"start":{"line":32,"column":4},"end":{"line":32,"column":92}},"18":{"start":{"line":37,"column":2},"end":{"line":37,"column":26}},"19":{"start":{"line":39,"column":19},"end":{"line":39,"column":55}},"20":{"start":{"line":40,"column":22},"end":{"line":40,"column":26}},"21":{"start":{"line":42,"column":2},"end":{"line":46,"column":3}},"22":{"start":{"line":43,"column":4},"end":{"line":43,"column":49}},"23":{"start":{"line":45,"column":4},"end":{"line":45,"column":52}},"24":{"start":{"line":47,"column":2},"end":{"line":49,"column":3}},"25":{"start":{"line":48,"column":4},"end":{"line":48,"column":106}},"26":{"start":{"line":51,"column":2},"end":{"line":51,"column":64}},"27":{"start":{"line":52,"column":2},"end":{"line":52,"column":58}},"28":{"start":{"line":54,"column":2},"end":{"line":54,"column":73}},"29":{"start":{"line":56,"column":14},"end":{"line":56,"column":43}},"30":{"start":{"line":58,"column":2},"end":{"line":58,"column":88}},"31":{"start":{"line":60,"column":25},"end":{"line":65,"column":3}},"32":{"start":{"line":67,"column":2},"end":{"line":67,"column":86}},"33":{"start":{"line":69,"column":2},"end":{"line":80,"column":3}},"34":{"start":{"line":70,"column":20},"end":{"line":70,"column":48}},"35":{"start":{"line":71,"column":4},"end":{"line":77,"column":5}},"36":{"start":{"line":72,"column":6},"end":{"line":76,"column":7}},"37":{"start":{"line":73,"column":8},"end":{"line":73,"column":58}},"38":{"start":{"line":75,"column":8},"end":{"line":75,"column":60}},"39":{"start":{"line":79,"column":4},"end":{"line":79,"column":41}},"40":{"start":{"line":83,"column":0},"end":{"line":83,"column":30}}},"fnMap":{"0":{"name":"validateOptions","decl":{"start":{"line":15,"column":9},"end":{"line":15,"column":24}},"loc":{"start":{"line":15,"column":34},"end":{"line":34,"column":1}},"line":15},"1":{"name":"updateVersion","decl":{"start":{"line":36,"column":9},"end":{"line":36,"column":22}},"loc":{"start":{"line":36,"column":33},"end":{"line":81,"column":1}},"line":36}},"branchMap":{"0":{"loc":{"start":{"line":16,"column":2},"end":{"line":18,"column":3}},"type":"if","locations":[{"start":{"line":16,"column":2},"end":{"line":18,"column":3}},{"start":{"line":16,"column":2},"end":{"line":18,"column":3}}],"line":16},"1":{"loc":{"start":{"line":19,"column":2},"end":{"line":21,"column":3}},"type":"if","locations":[{"start":{"line":19,"column":2},"end":{"line":21,"column":3}},{"start":{"line":19,"column":2},"end":{"line":21,"column":3}}],"line":19},"2":{"loc":{"start":{"line":22,"column":2},"end":{"line":24,"column":3}},"type":"if","locations":[{"start":{"line":22,"column":2},"end":{"line":24,"column":3}},{"start":{"line":22,"column":2},"end":{"line":24,"column":3}}],"line":22},"3":{"loc":{"start":{"line":25,"column":2},"end":{"line":27,"column":3}},"type":"if","locations":[{"start":{"line":25,"column":2},"end":{"line":27,"column":3}},{"start":{"line":25,"column":2},"end":{"line":27,"column":3}}],"line":25},"4":{"loc":{"start":{"line":28,"column":2},"end":{"line":30,"column":3}},"type":"if","locations":[{"start":{"line":28,"column":2},"end":{"line":30,"column":3}},{"start":{"line":28,"column":2},"end":{"line":30,"column":3}}],"line":28},"5":{"loc":{"start":{"line":31,"column":2},"end":{"line":33,"column":3}},"type":"if","locations":[{"start":{"line":31,"column":2},"end":{"line":33,"column":3}},{"start":{"line":31,"column":2},"end":{"line":33,"column":3}}],"line":31},"6":{"loc":{"start":{"line":47,"column":2},"end":{"line":49,"column":3}},"type":"if","locations":[{"start":{"line":47,"column":2},"end":{"line":49,"column":3}},{"start":{"line":47,"column":2},"end":{"line":49,"column":3}}],"line":47},"7":{"loc":{"start":{"line":51,"column":12},"end":{"line":51,"column":64}},"type":"cond-expr","locations":[{"start":{"line":51,"column":41},"end":{"line":51,"column":56}},{"start":{"line":51,"column":59},"end":{"line":51,"column":64}}],"line":51},"8":{"loc":{"start":{"line":51,"column":12},"end":{"line":51,"column":38}},"type":"binary-expr","locations":[{"start":{"line":51,"column":12},"end":{"line":51,"column":19}},{"start":{"line":51,"column":23},"end":{"line":51,"column":38}}],"line":51},"9":{"loc":{"start":{"line":52,"column":10},"end":{"line":52,"column":58}},"type":"cond-expr","locations":[{"start":{"line":52,"column":37},"end":{"line":52,"column":50}},{"start":{"line":52,"column":53},"end":{"line":52,"column":58}}],"line":52},"10":{"loc":{"start":{"line":52,"column":10},"end":{"line":52,"column":34}},"type":"binary-expr","locations":[{"start":{"line":52,"column":10},"end":{"line":52,"column":17}},{"start":{"line":52,"column":21},"end":{"line":52,"column":34}}],"line":52},"11":{"loc":{"start":{"line":54,"column":2},"end":{"line":54,"column":73}},"type":"binary-expr","locations":[{"start":{"line":54,"column":2},"end":{"line":54,"column":9}},{"start":{"line":54,"column":13},"end":{"line":54,"column":73}}],"line":54},"12":{"loc":{"start":{"line":67,"column":2},"end":{"line":67,"column":86}},"type":"binary-expr","locations":[{"start":{"line":67,"column":2},"end":{"line":67,"column":9}},{"start":{"line":67,"column":13},"end":{"line":67,"column":86}}],"line":67},"13":{"loc":{"start":{"line":71,"column":4},"end":{"line":77,"column":5}},"type":"if","locations":[{"start":{"line":71,"column":4},"end":{"line":77,"column":5}},{"start":{"line":71,"column":4},"end":{"line":77,"column":5}}],"line":71},"14":{"loc":{"start":{"line":72,"column":6},"end":{"line":76,"column":7}},"type":"if","locations":[{"start":{"line":72,"column":6},"end":{"line":76,"column":7}},{"start":{"line":72,"column":6},"end":{"line":76,"column":7}}],"line":72},"15":{"loc":{"start":{"line":72,"column":10},"end":{"line":72,"column":39}},"type":"binary-expr","locations":[{"start":{"line":72,"column":10},"end":{"line":72,"column":17}},{"start":{"line":72,"column":21},"end":{"line":72,"column":39}}],"line":72}},"s":{"0":2,"1":2,"2":2,"3":2,"4":2,"5":2,"6":7,"7":1,"8":6,"9":0,"10":6,"11":1,"12":5,"13":0,"14":5,"15":0,"16":5,"17":0,"18":7,"19":5,"20":5,"21":5,"22":5,"23":0,"24":5,"25":2,"26":3,"27":3,"28":3,"29":3,"30":3,"31":3,"32":3,"33":3,"34":3,"35":3,"36":0,"37":0,"38":0,"39":0,"40":2},"f":{"0":7,"1":7},"b":{"0":[1,6],"1":[0,6],"2":[1,5],"3":[0,5],"4":[0,5],"5":[0,5],"6":[2,3],"7":[0,3],"8":[3,3],"9":[3,0],"10":[3,3],"11":[3,0],"12":[3,0],"13":[0,3],"14":[0,0],"15":[0,0]},"_coverageSchema":"332fd63041d2c1bcb487cc26dd0d5f7d97098a6c","hash":"735565454edd2a83782c71b5830e3066e0d3b7e0"}
,"C:\\dev\\myrepos\\use-pkg-version\\src\\common\\fs-helpers.js": {"path":"C:\\dev\\myrepos\\use-pkg-version\\src\\common\\fs-helpers.js","statementMap":{"0":{"start":{"line":1,"column":11},"end":{"line":1,"column":24}},"1":{"start":{"line":2,"column":13},"end":{"line":2,"column":28}},"2":{"start":{"line":5,"column":2},"end":{"line":7,"column":3}},"3":{"start":{"line":6,"column":4},"end":{"line":6,"column":56}},"4":{"start":{"line":8,"column":15},"end":{"line":8,"column":63}},"5":{"start":{"line":9,"column":2},"end":{"line":11,"column":3}},"6":{"start":{"line":10,"column":4},"end":{"line":10,"column":27}},"7":{"start":{"line":12,"column":2},"end":{"line":12,"column":11}},"8":{"start":{"line":16,"column":2},"end":{"line":18,"column":3}},"9":{"start":{"line":17,"column":4},"end":{"line":17,"column":56}},"10":{"start":{"line":19,"column":15},"end":{"line":19,"column":80}},"11":{"start":{"line":20,"column":2},"end":{"line":20,"column":34}},"12":{"start":{"line":21,"column":18},"end":{"line":21,"column":33}},"13":{"start":{"line":22,"column":2},"end":{"line":28,"column":3}},"14":{"start":{"line":23,"column":4},"end":{"line":23,"column":39}},"15":{"start":{"line":24,"column":4},"end":{"line":24,"column":15}},"16":{"start":{"line":26,"column":4},"end":{"line":26,"column":41}},"17":{"start":{"line":27,"column":4},"end":{"line":27,"column":16}},"18":{"start":{"line":32,"column":2},"end":{"line":34,"column":3}},"19":{"start":{"line":33,"column":4},"end":{"line":33,"column":34}},"20":{"start":{"line":35,"column":11},"end":{"line":35,"column":15}},"21":{"start":{"line":36,"column":2},"end":{"line":42,"column":3}},"22":{"start":{"line":37,"column":4},"end":{"line":37,"column":35}},"23":{"start":{"line":39,"column":4},"end":{"line":39,"column":57}},"24":{"start":{"line":41,"column":4},"end":{"line":41,"column":28}},"25":{"start":{"line":41,"column":12},"end":{"line":41,"column":28}},"26":{"start":{"line":46,"column":2},"end":{"line":50,"column":3}},"27":{"start":{"line":47,"column":4},"end":{"line":47,"column":39}},"28":{"start":{"line":49,"column":4},"end":{"line":49,"column":25}},"29":{"start":{"line":54,"column":2},"end":{"line":57,"column":3}},"30":{"start":{"line":55,"column":4},"end":{"line":55,"column":27}},"31":{"start":{"line":56,"column":4},"end":{"line":56,"column":15}},"32":{"start":{"line":58,"column":2},"end":{"line":58,"column":14}},"33":{"start":{"line":62,"column":2},"end":{"line":65,"column":3}},"34":{"start":{"line":63,"column":4},"end":{"line":63,"column":27}},"35":{"start":{"line":64,"column":4},"end":{"line":64,"column":15}},"36":{"start":{"line":66,"column":2},"end":{"line":66,"column":14}},"37":{"start":{"line":70,"column":2},"end":{"line":70,"column":64}},"38":{"start":{"line":74,"column":2},"end":{"line":74,"column":69}},"39":{"start":{"line":79,"column":15},"end":{"line":79,"column":17}},"40":{"start":{"line":80,"column":2},"end":{"line":84,"column":4}},"41":{"start":{"line":81,"column":18},"end":{"line":81,"column":42}},"42":{"start":{"line":82,"column":18},"end":{"line":82,"column":36}},"43":{"start":{"line":83,"column":4},"end":{"line":83,"column":94}},"44":{"start":{"line":85,"column":2},"end":{"line":85,"column":15}},"45":{"start":{"line":93,"column":2},"end":{"line":103,"column":3}},"46":{"start":{"line":94,"column":4},"end":{"line":101,"column":6}},"47":{"start":{"line":95,"column":22},"end":{"line":95,"column":47}},"48":{"start":{"line":96,"column":6},"end":{"line":100,"column":7}},"49":{"start":{"line":97,"column":8},"end":{"line":97,"column":31}},"50":{"start":{"line":99,"column":8},"end":{"line":99,"column":30}},"51":{"start":{"line":102,"column":4},"end":{"line":102,"column":25}},"52":{"start":{"line":106,"column":0},"end":{"line":116,"column":1}}},"fnMap":{"0":{"name":"getLineFromFile","decl":{"start":{"line":4,"column":9},"end":{"line":4,"column":24}},"loc":{"start":{"line":4,"column":48},"end":{"line":13,"column":1}},"line":4},"1":{"name":"addLineToFile","decl":{"start":{"line":15,"column":9},"end":{"line":15,"column":22}},"loc":{"start":{"line":15,"column":75},"end":{"line":29,"column":1}},"line":15},"2":{"name":"createEmptyFile","decl":{"start":{"line":31,"column":9},"end":{"line":31,"column":24}},"loc":{"start":{"line":31,"column":36},"end":{"line":43,"column":1}},"line":31},"3":{"name":"createDirectory","decl":{"start":{"line":45,"column":9},"end":{"line":45,"column":24}},"loc":{"start":{"line":45,"column":35},"end":{"line":51,"column":1}},"line":45},"4":{"name":"deleteDirectory","decl":{"start":{"line":53,"column":9},"end":{"line":53,"column":24}},"loc":{"start":{"line":53,"column":35},"end":{"line":59,"column":1}},"line":53},"5":{"name":"deleteFile","decl":{"start":{"line":61,"column":9},"end":{"line":61,"column":19}},"loc":{"start":{"line":61,"column":31},"end":{"line":67,"column":1}},"line":61},"6":{"name":"directoryExists","decl":{"start":{"line":69,"column":9},"end":{"line":69,"column":24}},"loc":{"start":{"line":69,"column":31},"end":{"line":71,"column":1}},"line":69},"7":{"name":"fileExists","decl":{"start":{"line":73,"column":9},"end":{"line":73,"column":19}},"loc":{"start":{"line":73,"column":31},"end":{"line":75,"column":1}},"line":73},"8":{"name":"listDir","decl":{"start":{"line":78,"column":15},"end":{"line":78,"column":22}},"loc":{"start":{"line":78,"column":33},"end":{"line":86,"column":1}},"line":78},"9":{"name":"(anonymous_9)","decl":{"start":{"line":80,"column":34},"end":{"line":80,"column":35}},"loc":{"start":{"line":80,"column":50},"end":{"line":84,"column":3}},"line":80},"10":{"name":"rmdirRecursive","decl":{"start":{"line":92,"column":9},"end":{"line":92,"column":23}},"loc":{"start":{"line":92,"column":34},"end":{"line":104,"column":1}},"line":92},"11":{"name":"(anonymous_11)","decl":{"start":{"line":94,"column":36},"end":{"line":94,"column":37}},"loc":{"start":{"line":94,"column":53},"end":{"line":101,"column":5}},"line":94}},"branchMap":{"0":{"loc":{"start":{"line":5,"column":2},"end":{"line":7,"column":3}},"type":"if","locations":[{"start":{"line":5,"column":2},"end":{"line":7,"column":3}},{"start":{"line":5,"column":2},"end":{"line":7,"column":3}}],"line":5},"1":{"loc":{"start":{"line":9,"column":2},"end":{"line":11,"column":3}},"type":"if","locations":[{"start":{"line":9,"column":2},"end":{"line":11,"column":3}},{"start":{"line":9,"column":2},"end":{"line":11,"column":3}}],"line":9},"2":{"loc":{"start":{"line":15,"column":40},"end":{"line":15,"column":54}},"type":"default-arg","locations":[{"start":{"line":15,"column":53},"end":{"line":15,"column":54}}],"line":15},"3":{"loc":{"start":{"line":15,"column":56},"end":{"line":15,"column":73}},"type":"default-arg","locations":[{"start":{"line":15,"column":68},"end":{"line":15,"column":73}}],"line":15},"4":{"loc":{"start":{"line":16,"column":2},"end":{"line":18,"column":3}},"type":"if","locations":[{"start":{"line":16,"column":2},"end":{"line":18,"column":3}},{"start":{"line":16,"column":2},"end":{"line":18,"column":3}}],"line":16},"5":{"loc":{"start":{"line":19,"column":15},"end":{"line":19,"column":80}},"type":"cond-expr","locations":[{"start":{"line":19,"column":27},"end":{"line":19,"column":29}},{"start":{"line":19,"column":32},"end":{"line":19,"column":80}}],"line":19},"6":{"loc":{"start":{"line":32,"column":2},"end":{"line":34,"column":3}},"type":"if","locations":[{"start":{"line":32,"column":2},"end":{"line":34,"column":3}},{"start":{"line":32,"column":2},"end":{"line":34,"column":3}}],"line":32},"7":{"loc":{"start":{"line":41,"column":4},"end":{"line":41,"column":28}},"type":"if","locations":[{"start":{"line":41,"column":4},"end":{"line":41,"column":28}},{"start":{"line":41,"column":4},"end":{"line":41,"column":28}}],"line":41},"8":{"loc":{"start":{"line":46,"column":2},"end":{"line":50,"column":3}},"type":"if","locations":[{"start":{"line":46,"column":2},"end":{"line":50,"column":3}},{"start":{"line":46,"column":2},"end":{"line":50,"column":3}}],"line":46},"9":{"loc":{"start":{"line":54,"column":2},"end":{"line":57,"column":3}},"type":"if","locations":[{"start":{"line":54,"column":2},"end":{"line":57,"column":3}},{"start":{"line":54,"column":2},"end":{"line":57,"column":3}}],"line":54},"10":{"loc":{"start":{"line":62,"column":2},"end":{"line":65,"column":3}},"type":"if","locations":[{"start":{"line":62,"column":2},"end":{"line":65,"column":3}},{"start":{"line":62,"column":2},"end":{"line":65,"column":3}}],"line":62},"11":{"loc":{"start":{"line":70,"column":10},"end":{"line":70,"column":63}},"type":"binary-expr","locations":[{"start":{"line":70,"column":10},"end":{"line":70,"column":28}},{"start":{"line":70,"column":32},"end":{"line":70,"column":63}}],"line":70},"12":{"loc":{"start":{"line":74,"column":10},"end":{"line":74,"column":68}},"type":"binary-expr","locations":[{"start":{"line":74,"column":10},"end":{"line":74,"column":33}},{"start":{"line":74,"column":37},"end":{"line":74,"column":68}}],"line":74},"13":{"loc":{"start":{"line":83,"column":49},"end":{"line":83,"column":91}},"type":"cond-expr","locations":[{"start":{"line":83,"column":71},"end":{"line":83,"column":82}},{"start":{"line":83,"column":85},"end":{"line":83,"column":91}}],"line":83},"14":{"loc":{"start":{"line":93,"column":2},"end":{"line":103,"column":3}},"type":"if","locations":[{"start":{"line":93,"column":2},"end":{"line":103,"column":3}},{"start":{"line":93,"column":2},"end":{"line":103,"column":3}}],"line":93},"15":{"loc":{"start":{"line":96,"column":6},"end":{"line":100,"column":7}},"type":"if","locations":[{"start":{"line":96,"column":6},"end":{"line":100,"column":7}},{"start":{"line":96,"column":6},"end":{"line":100,"column":7}}],"line":96}},"s":{"0":2,"1":2,"2":0,"3":0,"4":0,"5":0,"6":0,"7":0,"8":14,"9":0,"10":14,"11":14,"12":14,"13":14,"14":14,"15":14,"16":0,"17":0,"18":14,"19":0,"20":14,"21":14,"22":14,"23":0,"24":14,"25":14,"26":8,"27":0,"28":8,"29":0,"30":0,"31":0,"32":0,"33":0,"34":0,"35":0,"36":0,"37":8,"38":39,"39":0,"40":0,"41":0,"42":0,"43":0,"44":0,"45":9,"46":8,"47":21,"48":21,"49":7,"50":14,"51":8,"52":2},"f":{"0":0,"1":14,"2":14,"3":8,"4":0,"5":0,"6":8,"7":39,"8":0,"9":0,"10":9,"11":21},"b":{"0":[0,0],"1":[0,0],"2":[0],"3":[0],"4":[0,14],"5":[14,0],"6":[0,14],"7":[14,0],"8":[0,8],"9":[0,0],"10":[0,0],"11":[8,0],"12":[39,25],"13":[0,0],"14":[8,1],"15":[7,14]},"_coverageSchema":"332fd63041d2c1bcb487cc26dd0d5f7d97098a6c","hash":"f6d957c143f22527e6333d82ee5fa6f66c9c81e9"}
,"C:\\dev\\myrepos\\use-pkg-version\\tests\\unit\\helpers\\stdout-stderr.js": {"path":"C:\\dev\\myrepos\\use-pkg-version\\tests\\unit\\helpers\\stdout-stderr.js","statementMap":{"0":{"start":{"line":1,"column":18},"end":{"line":1,"column":39}},"1":{"start":{"line":2,"column":14},"end":{"line":2,"column":47}},"2":{"start":{"line":4,"column":10},"end":{"line":4,"column":16}},"3":{"start":{"line":5,"column":0},"end":{"line":10,"column":1}},"4":{"start":{"line":6,"column":2},"end":{"line":9,"column":3}},"5":{"start":{"line":13,"column":2},"end":{"line":13,"column":41}},"6":{"start":{"line":13,"column":31},"end":{"line":13,"column":41}},"7":{"start":{"line":14,"column":2},"end":{"line":14,"column":29}},"8":{"start":{"line":54,"column":2},"end":{"line":56,"column":3}},"9":{"start":{"line":55,"column":4},"end":{"line":55,"column":59}},"10":{"start":{"line":57,"column":15},"end":{"line":57,"column":17}},"11":{"start":{"line":58,"column":2},"end":{"line":78,"column":3}},"12":{"start":{"line":62,"column":6},"end":{"line":62,"column":29}},"13":{"start":{"line":63,"column":6},"end":{"line":63,"column":17}},"14":{"start":{"line":64,"column":6},"end":{"line":68,"column":7}},"15":{"start":{"line":65,"column":8},"end":{"line":65,"column":35}},"16":{"start":{"line":66,"column":8},"end":{"line":66,"column":92}},"17":{"start":{"line":66,"column":24},"end":{"line":66,"column":92}},"18":{"start":{"line":67,"column":8},"end":{"line":67,"column":19}},"19":{"start":{"line":71,"column":6},"end":{"line":71,"column":58}},"20":{"start":{"line":72,"column":6},"end":{"line":72,"column":28}},"21":{"start":{"line":75,"column":14},"end":{"line":75,"column":62}},"22":{"start":{"line":76,"column":6},"end":{"line":76,"column":23}},"23":{"start":{"line":81,"column":0},"end":{"line":84,"column":1}}},"fnMap":{"0":{"name":"bufToStr","decl":{"start":{"line":12,"column":9},"end":{"line":12,"column":17}},"loc":{"start":{"line":12,"column":23},"end":{"line":15,"column":1}},"line":12},"1":{"name":"capture","decl":{"start":{"line":53,"column":9},"end":{"line":53,"column":16}},"loc":{"start":{"line":53,"column":26},"end":{"line":79,"column":1}},"line":53},"2":{"name":"(anonymous_2)","decl":{"start":{"line":64,"column":31},"end":{"line":64,"column":32}},"loc":{"start":{"line":64,"column":50},"end":{"line":68,"column":7}},"line":64}},"branchMap":{"0":{"loc":{"start":{"line":5,"column":0},"end":{"line":10,"column":1}},"type":"if","locations":[{"start":{"line":5,"column":0},"end":{"line":10,"column":1}},{"start":{"line":5,"column":0},"end":{"line":10,"column":1}}],"line":5},"1":{"loc":{"start":{"line":13,"column":2},"end":{"line":13,"column":41}},"type":"if","locations":[{"start":{"line":13,"column":2},"end":{"line":13,"column":41}},{"start":{"line":13,"column":2},"end":{"line":13,"column":41}}],"line":13},"2":{"loc":{"start":{"line":54,"column":2},"end":{"line":56,"column":3}},"type":"if","locations":[{"start":{"line":54,"column":2},"end":{"line":56,"column":3}},{"start":{"line":54,"column":2},"end":{"line":56,"column":3}}],"line":54},"3":{"loc":{"start":{"line":66,"column":8},"end":{"line":66,"column":92}},"type":"if","locations":[{"start":{"line":66,"column":8},"end":{"line":66,"column":92}},{"start":{"line":66,"column":8},"end":{"line":66,"column":92}}],"line":66},"4":{"loc":{"start":{"line":75,"column":14},"end":{"line":75,"column":62}},"type":"cond-expr","locations":[{"start":{"line":75,"column":32},"end":{"line":75,"column":53}},{"start":{"line":75,"column":56},"end":{"line":75,"column":62}}],"line":75}},"s":{"0":1,"1":1,"2":1,"3":1,"4":1,"5":3,"6":3,"7":0,"8":2,"9":0,"10":2,"11":2,"12":3,"13":3,"14":3,"15":3,"16":3,"17":3,"18":3,"19":2,"20":2,"21":2,"22":2,"23":1},"f":{"0":3,"1":2,"2":3},"b":{"0":[1,0],"1":[3,0],"2":[0,2],"3":[3,0],"4":[2,0]},"_coverageSchema":"332fd63041d2c1bcb487cc26dd0d5f7d97098a6c","hash":"04ca2cbe7eabdf543dff1d113e38ce75b8aa1d45"}
}
