TN:
SF:C:\dev\myrepos\use-pkg-version\src\use-pkg-version-cli.js
FN:15,createCmdModule
FN:19,camelcase
FN:20,(anonymous_2)
FN:25,cleanArgs
FN:29,(anonymous_4)
FN:41,enrichArgs
FN:53,checkArgs
FN:74,isHelpFlagSet
FN:78,cli
FN:100,(anonymous_9)
FN:116,(anonymous_10)
FN:137,(anonymous_11)
FN:144,(anonymous_12)
FN:155,(anonymous_13)
FN:155,(anonymous_14)
FNF:15
FNH:11
FNDA:1,createCmdModule
FNDA:20,camelcase
FNDA:0,(anonymous_2)
FNDA:4,cleanArgs
FNDA:20,(anonymous_4)
FNDA:1,enrichArgs
FNDA:0,checkArgs
FNDA:6,isHelpFlagSet
FNDA:3,cli
FNDA:3,(anonymous_9)
FNDA:0,(anonymous_10)
FNDA:0,(anonymous_11)
FNDA:1,(anonymous_12)
FNDA:12,(anonymous_13)
FNDA:3,(anonymous_14)
DA:1,1
DA:2,1
DA:3,1
DA:4,1
DA:5,1
DA:7,1
DA:9,1
DA:16,1
DA:20,20
DA:26,4
DA:29,4
DA:30,20
DA:32,20
DA:33,0
DA:36,4
DA:42,1
DA:43,1
DA:44,0
DA:45,0
DA:46,0
DA:47,0
DA:49,0
DA:54,0
DA:55,0
DA:56,0
DA:57,0
DA:58,0
DA:63,0
DA:65,0
DA:66,0
DA:67,0
DA:68,0
DA:71,0
DA:75,6
DA:79,3
DA:83,3
DA:102,3
DA:103,3
DA:104,3
DA:105,3
DA:106,3
DA:108,3
DA:109,1
DA:113,3
DA:117,0
DA:118,0
DA:137,3
DA:138,0
DA:139,0
DA:140,0
DA:144,3
DA:145,1
DA:146,1
DA:151,1
DA:155,12
DA:157,3
DA:159,2
DA:160,1
DA:164,1
LF:59
LH:37
BRDA:20,0,0,0
BRDA:20,0,1,0
BRDA:32,1,0,0
BRDA:32,1,1,20
BRDA:32,2,0,20
BRDA:32,2,1,20
BRDA:42,3,0,0
BRDA:42,3,1,1
BRDA:42,4,0,1
BRDA:42,4,1,1
BRDA:45,5,0,0
BRDA:45,5,1,0
BRDA:45,6,0,0
BRDA:45,6,1,0
BRDA:54,7,0,0
BRDA:54,7,1,0
BRDA:55,8,0,0
BRDA:55,8,1,0
BRDA:56,9,0,0
BRDA:56,9,1,0
BRDA:56,10,0,0
BRDA:56,10,1,0
BRDA:57,11,0,0
BRDA:57,11,1,0
BRDA:65,12,0,0
BRDA:65,12,1,0
BRDA:65,13,0,0
BRDA:65,13,1,0
BRDA:66,14,0,0
BRDA:66,14,1,0
BRDA:75,15,0,6
BRDA:75,15,1,2
BRDA:102,16,0,3
BRDA:102,16,1,0
BRDA:108,17,0,1
BRDA:108,17,1,2
BRDA:159,18,0,1
BRDA:159,18,1,1
BRF:38
BRH:13
end_of_record
TN:
SF:C:\dev\myrepos\use-pkg-version\src\commands\update.cmd.js
FN:15,validateOptions
FN:36,updateVersion
FNF:2
FNH:2
FNDA:7,validateOptions
FNDA:7,updateVersion
DA:1,2
DA:2,2
DA:3,2
DA:5,2
DA:11,2
DA:13,2
DA:16,7
DA:17,1
DA:19,6
DA:20,0
DA:22,6
DA:23,1
DA:25,5
DA:26,0
DA:28,5
DA:29,0
DA:31,5
DA:32,0
DA:37,7
DA:39,5
DA:40,5
DA:42,5
DA:43,5
DA:45,0
DA:47,5
DA:48,2
DA:51,3
DA:52,3
DA:54,3
DA:56,3
DA:58,3
DA:60,3
DA:67,3
DA:69,3
DA:70,3
DA:71,3
DA:72,0
DA:73,0
DA:75,0
DA:79,0
DA:83,2
LF:41
LH:32
BRDA:16,0,0,1
BRDA:16,0,1,6
BRDA:19,1,0,0
BRDA:19,1,1,6
BRDA:22,2,0,1
BRDA:22,2,1,5
BRDA:25,3,0,0
BRDA:25,3,1,5
BRDA:28,4,0,0
BRDA:28,4,1,5
BRDA:31,5,0,0
BRDA:31,5,1,5
BRDA:47,6,0,2
BRDA:47,6,1,3
BRDA:51,7,0,0
BRDA:51,7,1,3
BRDA:51,8,0,3
BRDA:51,8,1,3
BRDA:52,9,0,3
BRDA:52,9,1,0
BRDA:52,10,0,3
BRDA:52,10,1,3
BRDA:54,11,0,3
BRDA:54,11,1,0
BRDA:67,12,0,3
BRDA:67,12,1,0
BRDA:71,13,0,0
BRDA:71,13,1,3
BRDA:72,14,0,0
BRDA:72,14,1,0
BRDA:72,15,0,0
BRDA:72,15,1,0
BRF:32
BRH:19
end_of_record
TN:
SF:C:\dev\myrepos\use-pkg-version\src\common\fs-helpers.js
FN:4,getLineFromFile
FN:15,addLineToFile
FN:31,createEmptyFile
FN:45,createDirectory
FN:53,deleteDirectory
FN:61,deleteFile
FN:69,directoryExists
FN:73,fileExists
FN:78,listDir
FN:80,(anonymous_9)
FN:92,rmdirRecursive
FN:94,(anonymous_11)
FNF:12
FNH:7
FNDA:0,getLineFromFile
FNDA:14,addLineToFile
FNDA:14,createEmptyFile
FNDA:8,createDirectory
FNDA:0,deleteDirectory
FNDA:0,deleteFile
FNDA:8,directoryExists
FNDA:39,fileExists
FNDA:0,listDir
FNDA:0,(anonymous_9)
FNDA:9,rmdirRecursive
FNDA:21,(anonymous_11)
DA:1,2
DA:2,2
DA:5,0
DA:6,0
DA:8,0
DA:9,0
DA:10,0
DA:12,0
DA:16,14
DA:17,0
DA:19,14
DA:20,14
DA:21,14
DA:22,14
DA:23,14
DA:24,14
DA:26,0
DA:27,0
DA:32,14
DA:33,0
DA:35,14
DA:36,14
DA:37,14
DA:39,0
DA:41,14
DA:46,8
DA:47,0
DA:49,8
DA:54,0
DA:55,0
DA:56,0
DA:58,0
DA:62,0
DA:63,0
DA:64,0
DA:66,0
DA:70,8
DA:74,39
DA:79,0
DA:80,0
DA:81,0
DA:82,0
DA:83,0
DA:85,0
DA:93,9
DA:94,8
DA:95,21
DA:96,21
DA:97,7
DA:99,14
DA:102,8
DA:106,2
LF:52
LH:26
BRDA:5,0,0,0
BRDA:5,0,1,0
BRDA:9,1,0,0
BRDA:9,1,1,0
BRDA:15,2,0,0
BRDA:15,3,0,0
BRDA:16,4,0,0
BRDA:16,4,1,14
BRDA:19,5,0,14
BRDA:19,5,1,0
BRDA:32,6,0,0
BRDA:32,6,1,14
BRDA:41,7,0,14
BRDA:41,7,1,0
BRDA:46,8,0,0
BRDA:46,8,1,8
BRDA:54,9,0,0
BRDA:54,9,1,0
BRDA:62,10,0,0
BRDA:62,10,1,0
BRDA:70,11,0,8
BRDA:70,11,1,0
BRDA:74,12,0,39
BRDA:74,12,1,25
BRDA:83,13,0,0
BRDA:83,13,1,0
BRDA:93,14,0,8
BRDA:93,14,1,1
BRDA:96,15,0,7
BRDA:96,15,1,14
BRF:30
BRH:12
end_of_record
TN:
SF:C:\dev\myrepos\use-pkg-version\tests\unit\helpers\stdout-stderr.js
FN:12,bufToStr
FN:53,capture
FN:64,(anonymous_2)
FNF:3
FNH:3
FNDA:3,bufToStr
FNDA:2,capture
FNDA:3,(anonymous_2)
DA:1,1
DA:2,1
DA:4,1
DA:5,1
DA:6,1
DA:13,3
DA:14,0
DA:54,2
DA:55,0
DA:57,2
DA:58,2
DA:62,3
DA:63,3
DA:64,3
DA:65,3
DA:66,3
DA:67,3
DA:71,2
DA:72,2
DA:75,2
DA:76,2
DA:81,1
LF:22
LH:20
BRDA:5,0,0,1
BRDA:5,0,1,0
BRDA:13,1,0,3
BRDA:13,1,1,0
BRDA:54,2,0,0
BRDA:54,2,1,2
BRDA:66,3,0,3
BRDA:66,3,1,0
BRDA:75,4,0,2
BRDA:75,4,1,0
BRF:10
BRH:5
end_of_record
